<?xml version="1.0" encoding="UTF-8"?>
<!-- Generated by org.testng.reporters.JUnitReportReporter -->
<testsuite skipped="0" hostname="VINEETAR-BRISKSTAR" name="start.FirstTestNGFile" tests="1" failures="0" timestamp="09 Aug 2019 12:17:57 GMT" time="22.726" errors="0">
  <testcase name="f" time="22.726" classname="start.FirstTestNGFile"/>
</testsuite> <!-- start.FirstTestNGFile -->
